app/build/outputs/logs/manifest-merger-release-report.txt
-- Merging decision tree log ---
manifest
ADDED from AndroidManifest.xml:2:1
	xmlns:android
		ADDED from AndroidManifest.xml:2:11
	package
		ADDED from AndroidManifest.xml:3:5
		INJECTED from AndroidManifest.xml:0:0
		INJECTED from AndroidManifest.xml:0:0
	android:versionName
		ADDED from AndroidManifest.xml:6:5
	android:versionCode
		ADDED from AndroidManifest.xml:5:5
		INJECTED from AndroidManifest.xml:0:0
		INJECTED from AndroidManifest.xml:0:0
	android:installLocation
		ADDED from AndroidManifest.xml:4:5
uses-sdk
ADDED from AndroidManifest.xml:8:5
	android:targetSdkVersion
		ADDED from AndroidManifest.xml:8:42
		INJECTED from AndroidManifest.xml:0:0
		INJECTED from AndroidManifest.xml:0:0
	android:minSdkVersion
		ADDED from AndroidManifest.xml:8:15
		INJECTED from AndroidManifest.xml:0:0
		INJECTED from AndroidManifest.xml:0:0
supports-screens
ADDED from AndroidManifest.xml:10:5
	android:largeScreens
		ADDED from AndroidManifest.xml:10:23
	android:xlargeScreens
		ADDED from AndroidManifest.xml:10:51
uses-feature#android.hardware.touchscreen
ADDED from AndroidManifest.xml:12:5
	android:required
		ADDED from AndroidManifest.xml:12:63
	android:name
		ADDED from AndroidManifest.xml:12:19
uses-feature#android.hardware.wifi
ADDED from AndroidManifest.xml:13:2
	android:required
		ADDED from AndroidManifest.xml:13:53
	android:name
		ADDED from AndroidManifest.xml:13:16
uses-feature#android.hardware.bluetooth
ADDED from AndroidManifest.xml:14:2
	android:required
		ADDED from AndroidManifest.xml:14:58
	android:name
		ADDED from AndroidManifest.xml:14:16
uses-feature#android.hardware.telephony
ADDED from AndroidManifest.xml:15:2
	android:required
		ADDED from AndroidManifest.xml:15:58
	android:name
		ADDED from AndroidManifest.xml:15:16
uses-permission#android.permission.RECEIVE_BOOT_COMPLETED
ADDED from AndroidManifest.xml:17:2
	android:name
		ADDED from AndroidManifest.xml:17:19
uses-permission#android.permission.SYSTEM_ALERT_WINDOW
ADDED from AndroidManifest.xml:18:2
	android:name
		ADDED from AndroidManifest.xml:18:19
uses-permission#android.permission.VIBRATE
ADDED from AndroidManifest.xml:19:2
	android:name
		ADDED from AndroidManifest.xml:19:19
uses-permission#android.permission.CALL_PHONE
ADDED from AndroidManifest.xml:22:2
	android:name
		ADDED from AndroidManifest.xml:22:19
uses-permission#android.permission.ACCESS_WIFI_STATE
ADDED from AndroidManifest.xml:23:2
	android:name
		ADDED from AndroidManifest.xml:23:19
uses-permission#android.permission.CHANGE_WIFI_STATE
ADDED from AndroidManifest.xml:24:2
	android:name
		ADDED from AndroidManifest.xml:24:19
uses-permission#android.permission.READ_SYNC_SETTINGS
ADDED from AndroidManifest.xml:25:2
	android:name
		ADDED from AndroidManifest.xml:25:19
uses-permission#android.permission.WRITE_SYNC_SETTINGS
ADDED from AndroidManifest.xml:26:2
	android:name
		ADDED from AndroidManifest.xml:26:19
uses-permission#android.permission.BLUETOOTH
ADDED from AndroidManifest.xml:27:2
	android:name
		ADDED from AndroidManifest.xml:27:19
uses-permission#android.permission.BLUETOOTH_ADMIN
ADDED from AndroidManifest.xml:28:2
	android:name
		ADDED from AndroidManifest.xml:28:19
uses-permission#android.permission.WRITE_SETTINGS
ADDED from AndroidManifest.xml:29:2
	android:name
		ADDED from AndroidManifest.xml:29:19
uses-permission#android.permission.WRITE_EXTERNAL_STORAGE
ADDED from AndroidManifest.xml:30:2
	android:name
		ADDED from AndroidManifest.xml:30:19
uses-permission#com.android.vending.BILLING
ADDED from AndroidManifest.xml:31:2
	android:name
		ADDED from AndroidManifest.xml:31:19
application
ADDED from AndroidManifest.xml:33:2
	android:label
		ADDED from AndroidManifest.xml:37:9
	android:allowBackup
		ADDED from AndroidManifest.xml:34:9
	android:icon
		ADDED from AndroidManifest.xml:36:9
	android:theme
		ADDED from AndroidManifest.xml:38:9
	android:backupAgent
		ADDED from AndroidManifest.xml:35:9
meta-data#com.google.android.backup.api_key
ADDED from AndroidManifest.xml:39:9
	android:name
		ADDED from AndroidManifest.xml:40:13
	android:value
		ADDED from AndroidManifest.xml:41:13
activity#com.ssmomonga.ssflicker.HomeKeyClickListener
ADDED from AndroidManifest.xml:43:9
	android:label
		ADDED from AndroidManifest.xml:47:13
	android:exported
		ADDED from AndroidManifest.xml:46:13
	android:excludeFromRecents
		ADDED from AndroidManifest.xml:45:13
	android:name
		ADDED from AndroidManifest.xml:44:13
	android:launchMode
		ADDED from AndroidManifest.xml:48:13
intent-filter#android.intent.action.MAIN+android.intent.category.DEFAULT+android.intent.category.HOME
ADDED from AndroidManifest.xml:49:13
action#android.intent.action.MAIN
ADDED from AndroidManifest.xml:50:17
	android:name
		ADDED from AndroidManifest.xml:50:25
category#android.intent.category.DEFAULT
ADDED from AndroidManifest.xml:51:17
	android:name
		ADDED from AndroidManifest.xml:51:27
category#android.intent.category.HOME
ADDED from AndroidManifest.xml:52:17
	android:name
		ADDED from AndroidManifest.xml:52:27
activity#com.ssmomonga.ssflicker.FlickerActivity
ADDED from AndroidManifest.xml:55:9
	android:label
		ADDED from AndroidManifest.xml:60:13
	android:configChanges
		ADDED from AndroidManifest.xml:57:13
	android:exported
		ADDED from AndroidManifest.xml:59:13
	android:excludeFromRecents
		ADDED from AndroidManifest.xml:58:13
	android:name
		ADDED from AndroidManifest.xml:56:13
	android:launchMode
		ADDED from AndroidManifest.xml:61:13
intent-filter#android.intent.action.MAIN+android.intent.category.LAUNCHER
ADDED from AndroidManifest.xml:62:13
category#android.intent.category.LAUNCHER
ADDED from AndroidManifest.xml:64:17
	android:name
		ADDED from AndroidManifest.xml:64:27
intent-filter#android.intent.action.SEARCH_LONG_PRESS+android.intent.category.DEFAULT
ADDED from AndroidManifest.xml:66:13
action#android.intent.action.SEARCH_LONG_PRESS
ADDED from AndroidManifest.xml:67:17
	android:name
		ADDED from AndroidManifest.xml:67:25
intent-filter#android.intent.action.ASSIST+android.intent.category.DEFAULT
ADDED from AndroidManifest.xml:70:13
action#android.intent.action.ASSIST
ADDED from AndroidManifest.xml:71:17
	android:name
		ADDED from AndroidManifest.xml:71:25
meta-data#com.android.systemui.action_assist_icon
ADDED from AndroidManifest.xml:74:13
	android:resource
		ADDED from AndroidManifest.xml:76:17
	android:name
		ADDED from AndroidManifest.xml:75:17
activity#com.ssmomonga.ssflicker.EditorActivity
ADDED from AndroidManifest.xml:78:9
	android:label
		ADDED from AndroidManifest.xml:83:13
	android:configChanges
		ADDED from AndroidManifest.xml:80:13
	android:theme
		ADDED from AndroidManifest.xml:85:13
	android:exported
		ADDED from AndroidManifest.xml:82:13
	android:excludeFromRecents
		ADDED from AndroidManifest.xml:81:13
	android:name
		ADDED from AndroidManifest.xml:79:13
	android:launchMode
		ADDED from AndroidManifest.xml:84:13
activity#com.ssmomonga.ssflicker.PrefActivity
ADDED from AndroidManifest.xml:86:9
	android:label
		ADDED from AndroidManifest.xml:91:13
	android:configChanges
		ADDED from AndroidManifest.xml:88:13
	android:theme
		ADDED from AndroidManifest.xml:93:13
	android:exported
		ADDED from AndroidManifest.xml:90:13
	android:excludeFromRecents
		ADDED from AndroidManifest.xml:89:13
	android:name
		ADDED from AndroidManifest.xml:87:13
	android:launchMode
		ADDED from AndroidManifest.xml:92:13
activity#com.ssmomonga.ssflicker.PrefSubActivity
ADDED from AndroidManifest.xml:94:9
	android:label
		ADDED from AndroidManifest.xml:99:13
	android:configChanges
		ADDED from AndroidManifest.xml:96:13
	android:theme
		ADDED from AndroidManifest.xml:101:13
	android:exported
		ADDED from AndroidManifest.xml:98:13
	android:excludeFromRecents
		ADDED from AndroidManifest.xml:97:13
	android:name
		ADDED from AndroidManifest.xml:95:13
	android:launchMode
		ADDED from AndroidManifest.xml:100:13
activity#com.ssmomonga.ssflicker.DonateActivity
ADDED from AndroidManifest.xml:102:9
	android:label
		ADDED from AndroidManifest.xml:107:13
	android:configChanges
		ADDED from AndroidManifest.xml:104:13
	android:theme
		ADDED from AndroidManifest.xml:109:13
	android:exported
		ADDED from AndroidManifest.xml:106:13
	android:excludeFromRecents
		ADDED from AndroidManifest.xml:105:13
	android:name
		ADDED from AndroidManifest.xml:103:13
	android:launchMode
		ADDED from AndroidManifest.xml:108:13
service#com.ssmomonga.ssflicker.OverlayService
ADDED from AndroidManifest.xml:111:3
	android:label
		ADDED from AndroidManifest.xml:114:4
	android:process
		ADDED from AndroidManifest.xml:115:4
	android:exported
		ADDED from AndroidManifest.xml:113:4
	android:name
		ADDED from AndroidManifest.xml:112:4
receiver#com.ssmomonga.ssflicker.Boot
ADDED from AndroidManifest.xml:118:3
	android:label
		ADDED from AndroidManifest.xml:121:4
	android:exported
		ADDED from AndroidManifest.xml:120:4
	android:permission
		ADDED from AndroidManifest.xml:122:4
	android:name
		ADDED from AndroidManifest.xml:119:4
intent-filter#android.intent.action.BOOT_COMPLETED
ADDED from AndroidManifest.xml:123:4
action#android.intent.action.BOOT_COMPLETED
ADDED from AndroidManifest.xml:124:5
	android:name
		ADDED from AndroidManifest.xml:124:13
intent-filter#android.intent.action.MY_PACKAGE_REPLACED
ADDED from AndroidManifest.xml:126:4
action#android.intent.action.MY_PACKAGE_REPLACED
ADDED from AndroidManifest.xml:127:5
	android:name
		ADDED from AndroidManifest.xml:127:13
intent-filter#android.intent.action.PACKAGE_ADDED
ADDED from AndroidManifest.xml:129:4
action#android.intent.action.PACKAGE_ADDED
ADDED from AndroidManifest.xml:130:5
	android:name
		ADDED from AndroidManifest.xml:130:13
data
ADDED from AndroidManifest.xml:131:5
	android:scheme
		ADDED from AndroidManifest.xml:131:11
intent-filter#android.intent.action.PACKAGE_CHANGED
ADDED from AndroidManifest.xml:133:4
action#android.intent.action.PACKAGE_CHANGED
ADDED from AndroidManifest.xml:134:5
	android:name
		ADDED from AndroidManifest.xml:134:13
intent-filter#android.intent.action.PACKAGE_FULLY_REMOVED
ADDED from AndroidManifest.xml:137:4
action#android.intent.action.PACKAGE_FULLY_REMOVED
ADDED from AndroidManifest.xml:138:5
	android:name
		ADDED from AndroidManifest.xml:138:13
intent-filter#android.intent.action.PACKAGE_REPLACED
ADDED from AndroidManifest.xml:141:4
action#android.intent.action.PACKAGE_REPLACED
ADDED from AndroidManifest.xml:142:5
	android:name
		ADDED from AndroidManifest.xml:142:13
receiver#com.ssmomonga.ssflicker.InvisibleAppWidget
ADDED from AndroidManifest.xml:146:3
	android:label
		ADDED from AndroidManifest.xml:149:13
	android:exported
		ADDED from AndroidManifest.xml:148:13
	android:name
		ADDED from AndroidManifest.xml:147:13
intent-filter#android.appwidget.action.APPWIDGET_UPDATE
ADDED from AndroidManifest.xml:150:13
action#android.appwidget.action.APPWIDGET_UPDATE
ADDED from AndroidManifest.xml:151:17
	android:name
		ADDED from AndroidManifest.xml:151:25
meta-data#android.appwidget.provider
ADDED from AndroidManifest.xml:153:13
	android:resource
		ADDED from AndroidManifest.xml:155:17
	android:name
		ADDED from AndroidManifest.xml:154:17